<?xml version="1.0" encoding="UTF-8"?>
<!-- Generated by org.testng.reporters.JUnitXMLReporter -->
<testsuite ignored="0" hostname="DESKTOP-TI1U900" failures="0" tests="4" name="Default test" time="56.833" errors="0" timestamp="2024-08-22T00:01:10 BST">
  <testcase classname="AutoTestPLT.TestComponents.PLTAutoTest2" name="oneTrust" time="2.127"/>
  <testcase classname="AutoTestPLT.TestComponents.PLTAutoTest2" name="navBar" time="4.915"/>
  <testcase classname="AutoTestPLT.TestComponents.PLTAutoTest2" name="PLP" time="4.61"/>
  <testcase classname="AutoTestPLT.TestComponents.PLTAutoTest2" name="PDP" time="45.155"/>
</testsuite> <!-- Default test -->
